<?xml version="1.0" encoding="UTF-8"?>
<!-- Generated by org.testng.reporters.JUnitXMLReporter -->
<testsuite ignored="0" hostname="yugainshrma01" failures="1" tests="1" name="Cart Test" time="0.709" errors="0" timestamp="2023-07-09T18:32:26 IST">
  <testcase classname="com.flipkart.tests.SearchTest" name="validateInvalidSearchResult" time="0.392">
    <failure type="java.lang.NullPointerException" message="Cannot invoke &amp;quot;com.flipkart.pages.HomePage.closeLoginPopUp()&amp;quot; because &amp;quot;this.homePage&amp;quot; is null">
      <![CDATA[java.lang.NullPointerException: Cannot invoke "com.flipkart.pages.HomePage.closeLoginPopUp()" because "this.homePage" is null
at com.flipkart.tests.SearchTest.validateInvalidSearchResult(SearchTest.java:45)
at java.base/java.util.ArrayList.forEach(ArrayList.java:1511)
... Removed 27 stack frames]]>
    </failure>
  </testcase> <!-- validateInvalidSearchResult -->
</testsuite> <!-- Cart Test -->
